TN:
SF:src\anagram.js
FN:1,(anonymous_0)
FN:5,formatStr
FNF:2
FNH:2
FNDA:2,(anonymous_0)
FNDA:4,formatStr
DA:1,1
DA:2,2
DA:6,4
DA:9,1
LF:4
LH:4
BRF:0
BRH:0
end_of_record
TN:
SF:src\analiseDeDados.js
FN:2,(anonymous_0)
FN:6,(anonymous_1)
FN:11,(anonymous_2)
FN:15,(anonymous_3)
FN:16,(anonymous_4)
FN:19,(anonymous_5)
FN:21,(anonymous_6)
FN:24,(anonymous_7)
FN:31,(anonymous_8)
FN:33,(anonymous_9)
FN:40,(anonymous_10)
FN:44,(anonymous_11)
FN:47,(anonymous_12)
FN:50,(anonymous_13)
FN:55,(anonymous_14)
FN:59,(anonymous_15)
FN:63,(anonymous_16)
FN:66,(anonymous_17)
FN:67,(anonymous_18)
FN:70,(anonymous_19)
FN:79,(anonymous_20)
FN:80,(anonymous_21)
FN:83,(anonymous_22)
FN:84,(anonymous_23)
FN:87,(anonymous_24)
FN:91,(anonymous_25)
FN:97,(anonymous_26)
FN:103,(anonymous_27)
FN:106,(anonymous_28)
FN:110,(anonymous_29)
FN:112,(anonymous_30)
FN:113,(anonymous_31)
FN:114,(anonymous_32)
FNF:33
FNH:33
FNDA:66,(anonymous_0)
FNDA:38,(anonymous_1)
FNDA:1,(anonymous_2)
FNDA:12,(anonymous_3)
FNDA:79,(anonymous_4)
FNDA:10,(anonymous_5)
FNDA:23,(anonymous_6)
FNDA:3,(anonymous_7)
FNDA:2,(anonymous_8)
FNDA:3,(anonymous_9)
FNDA:2,(anonymous_10)
FNDA:6,(anonymous_11)
FNDA:11,(anonymous_12)
FNDA:4,(anonymous_13)
FNDA:5,(anonymous_14)
FNDA:5,(anonymous_15)
FNDA:2,(anonymous_16)
FNDA:2,(anonymous_17)
FNDA:4,(anonymous_18)
FNDA:10,(anonymous_19)
FNDA:1,(anonymous_20)
FNDA:4,(anonymous_21)
FNDA:1,(anonymous_22)
FNDA:4,(anonymous_23)
FNDA:1,(anonymous_24)
FNDA:2,(anonymous_25)
FNDA:4,(anonymous_26)
FNDA:20,(anonymous_27)
FNDA:3,(anonymous_28)
FNDA:5,(anonymous_29)
FNDA:5,(anonymous_30)
FNDA:5,(anonymous_31)
FNDA:5,(anonymous_32)
DA:3,66
DA:7,38
DA:8,37
DA:12,1
DA:16,79
DA:20,10
DA:21,23
DA:25,3
DA:26,2
DA:27,2
DA:28,2
DA:32,2
DA:33,1
DA:34,3
DA:35,3
DA:38,1
DA:39,1
DA:40,2
DA:45,6
DA:46,4
DA:47,11
DA:51,4
DA:52,4
DA:56,5
DA:60,5
DA:64,2
DA:65,2
DA:66,2
DA:67,4
DA:71,10
DA:72,9
DA:73,9
DA:74,9
DA:75,9
DA:76,9
DA:80,4
DA:84,4
DA:88,1
DA:92,2
DA:93,2
DA:94,2
DA:98,4
DA:99,4
DA:100,4
DA:101,4
DA:102,4
DA:103,20
DA:107,3
DA:109,2
DA:110,5
DA:112,5
DA:113,5
DA:114,5
DA:116,2
DA:121,1
LF:55
LH:55
BRDA:2,0,0,33
BRDA:7,1,0,1
BRDA:7,1,1,37
BRDA:20,2,0,1
BRDA:20,2,1,9
BRDA:25,3,0,1
BRDA:25,3,1,2
BRDA:28,4,0,1
BRDA:28,4,1,1
BRDA:32,5,0,1
BRDA:32,5,1,1
BRDA:34,6,0,3
BRDA:34,6,1,2
BRDA:45,7,0,2
BRDA:45,7,1,4
BRDA:52,8,0,3
BRDA:52,8,1,1
BRDA:56,9,0,4
BRDA:56,9,1,1
BRDA:60,10,0,4
BRDA:60,10,1,1
BRDA:66,11,0,1
BRDA:66,11,1,1
BRDA:71,12,0,1
BRDA:71,12,1,9
BRDA:71,13,0,10
BRDA:71,13,1,9
BRDA:71,13,2,9
BRDA:76,14,0,1
BRDA:76,14,1,8
BRDA:94,15,0,1
BRDA:94,15,1,1
BRDA:97,16,0,3
BRDA:103,17,0,20
BRDA:103,17,1,20
BRDA:107,18,0,1
BRDA:107,18,1,2
BRDA:107,19,0,3
BRDA:107,19,1,3
BRDA:116,20,0,1
BRDA:116,20,1,1
BRF:41
BRH:41
end_of_record
TN:
SF:src\banco.js
FN:2,(anonymous_0)
FN:9,(anonymous_1)
FN:16,(anonymous_2)
FN:26,(anonymous_3)
FN:33,(anonymous_4)
FN:38,(anonymous_5)
FN:43,(anonymous_6)
FN:48,(anonymous_7)
FN:56,(anonymous_8)
FN:64,(anonymous_9)
FN:71,(anonymous_10)
FN:73,(anonymous_11)
FN:74,(anonymous_12)
FNF:13
FNH:13
FNDA:26,(anonymous_0)
FNDA:10,(anonymous_1)
FNDA:8,(anonymous_2)
FNDA:1,(anonymous_3)
FNDA:1,(anonymous_4)
FNDA:2,(anonymous_5)
FNDA:3,(anonymous_6)
FNDA:2,(anonymous_7)
FNDA:1,(anonymous_8)
FNDA:1,(anonymous_9)
FNDA:1,(anonymous_10)
FNDA:3,(anonymous_11)
FNDA:2,(anonymous_12)
DA:3,26
DA:4,26
DA:5,26
DA:10,10
DA:11,10
DA:12,10
DA:17,8
DA:18,1
DA:20,7
DA:21,7
DA:22,7
DA:27,1
DA:28,1
DA:29,1
DA:34,1
DA:39,2
DA:44,3
DA:49,2
DA:50,1
DA:52,1
DA:57,1
DA:58,1
DA:59,1
DA:60,1
DA:65,1
DA:66,1
DA:67,1
DA:72,1
DA:73,3
DA:74,2
DA:79,1
LF:31
LH:31
BRDA:17,0,0,1
BRDA:17,0,1,7
BRDA:49,1,0,1
BRDA:49,1,1,1
BRF:4
BRH:4
end_of_record
TN:
SF:src\calculator.js
FN:1,(anonymous_0)
FN:5,(anonymous_1)
FN:9,(anonymous_2)
FN:13,(anonymous_3)
FNF:4
FNH:4
FNDA:1,(anonymous_0)
FNDA:1,(anonymous_1)
FNDA:1,(anonymous_2)
FNDA:1,(anonymous_3)
DA:1,1
DA:2,1
DA:5,1
DA:6,1
DA:9,1
DA:10,1
DA:13,1
DA:14,1
DA:17,1
LF:9
LH:9
BRF:0
BRH:0
end_of_record
TN:
SF:src\carro.js
FN:2,(anonymous_0)
FN:9,(anonymous_1)
FN:15,(anonymous_2)
FNF:3
FNH:3
FNDA:5,(anonymous_0)
FNDA:3,(anonymous_1)
FNDA:2,(anonymous_2)
DA:3,5
DA:4,5
DA:5,5
DA:6,5
DA:10,3
DA:11,2
DA:16,2
DA:20,1
LF:8
LH:8
BRDA:10,0,0,2
BRDA:10,0,1,1
BRF:2
BRH:2
end_of_record
TN:
SF:src\cnh.js
FN:1,(anonymous_0)
FNF:1
FNH:1
FNDA:2,(anonymous_0)
DA:1,1
DA:2,2
DA:5,1
LF:3
LH:3
BRF:0
BRH:0
end_of_record
TN:
SF:src\lista.js
FN:2,(anonymous_0)
FN:6,(anonymous_1)
FN:10,(anonymous_2)
FN:18,(anonymous_3)
FNF:4
FNH:4
FNDA:4,(anonymous_0)
FNDA:8,(anonymous_1)
FNDA:3,(anonymous_2)
FNDA:2,(anonymous_3)
DA:3,4
DA:7,8
DA:11,3
DA:12,3
DA:13,2
DA:15,1
DA:19,2
DA:23,1
LF:8
LH:8
BRDA:12,0,0,2
BRDA:12,0,1,1
BRF:2
BRH:2
end_of_record
TN:
SF:src\pessoa.js
FN:2,(anonymous_0)
FN:7,(anonymous_1)
FN:11,(anonymous_2)
FNF:3
FNH:3
FNDA:4,(anonymous_0)
FNDA:2,(anonymous_1)
FNDA:2,(anonymous_2)
DA:3,4
DA:4,4
DA:8,2
DA:12,2
DA:16,1
LF:5
LH:5
BRF:0
BRH:0
end_of_record
